# JRE version: Java(TM) SE Runtime Environment (8.0_151-b12) (build 1.8.0_151-b12)
# Java VM: Java HotSpot(TM) 64-Bit Server VM (25.151-b12 mixed mode windows-amd64 compressed oops)
Heap:
 PSYoungGen      total 283136K, used 130020K [0x000000076b400000, 0x000000077e100000, 0x00000007c0000000)
  eden space 266752K, 42% used [0x000000076b400000,0x00000007722fa9e0,0x000000077b880000)
  from space 16384K, 99% used [0x000000077c100000,0x000000077d0fea00,0x000000077d100000)
  to   space 11776K, 0% used [0x000000077d580000,0x000000077d580000,0x000000077e100000)
 ParOldGen       total 151040K, used 39247K [0x00000006c1c00000, 0x00000006caf80000, 0x000000076b400000)
  object space 151040K, 25% used [0x00000006c1c00000,0x00000006c4253fd0,0x00000006caf80000)
 Metaspace       used 51338K, capacity 53784K, committed 53800K, reserved 1097728K
  class space    used 6747K, capacity 7203K, committed 7216K, reserved 1048576K
GC Heap History (10 events):
Event: 5.537 GC heap before
{Heap before GC invocations=7 (full 1):
 PSYoungGen      total 138752K, used 138724K [0x000000076b400000, 0x0000000777700000, 0x00000007c0000000)
  eden space 128000K, 100% used [0x000000076b400000,0x0000000773100000,0x0000000773100000)
  from space 10752K, 99% used [0x0000000773100000,0x0000000773b79140,0x0000000773b80000)
  to   space 12288K, 0% used [0x0000000776b00000,0x0000000776b00000,0x0000000777700000)
 ParOldGen       total 99840K, used 9991K [0x00000006c1c00000, 0x00000006c7d80000, 0x000000076b400000)
  object space 99840K, 10% used [0x00000006c1c00000,0x00000006c25c1de0,0x00000006c7d80000)
 Metaspace       used 29295K, capacity 30382K, committed 30640K, reserved 1075200K
  class space    used 3945K, capacity 4191K, committed 4272K, reserved 1048576K
Event: 5.548 GC heap after
Heap after GC invocations=7 (full 1):
 PSYoungGen      total 184832K, used 12272K [0x000000076b400000, 0x0000000779b00000, 0x00000007c0000000)
  eden space 172544K, 0% used [0x000000076b400000,0x000000076b400000,0x0000000775c80000)
  from space 12288K, 99% used [0x0000000776b00000,0x00000007776fc3f0,0x0000000777700000)
  to   space 14848K, 0% used [0x0000000775c80000,0x0000000775c80000,0x0000000776b00000)
 ParOldGen       total 99840K, used 12859K [0x00000006c1c00000, 0x00000006c7d80000, 0x000000076b400000)
  object space 99840K, 12% used [0x00000006c1c00000,0x00000006c288efb0,0x00000006c7d80000)
 Metaspace       used 29295K, capacity 30382K, committed 30640K, reserved 1075200K
  class space    used 3945K, capacity 4191K, committed 4272K, reserved 1048576K
}
Event: 6.153 GC heap before
{Heap before GC invocations=8 (full 1):
 PSYoungGen      total 184832K, used 95943K [0x000000076b400000, 0x0000000779b00000, 0x00000007c0000000)
  eden space 172544K, 48% used [0x000000076b400000,0x00000007705b5bc0,0x0000000775c80000)
  from space 12288K, 99% used [0x0000000776b00000,0x00000007776fc3f0,0x0000000777700000)
  to   space 14848K, 0% used [0x0000000775c80000,0x0000000775c80000,0x0000000776b00000)
 ParOldGen       total 99840K, used 12859K [0x00000006c1c00000, 0x00000006c7d80000, 0x000000076b400000)
  object space 99840K, 12% used [0x00000006c1c00000,0x00000006c288efb0,0x00000006c7d80000)
 Metaspace       used 33665K, capacity 35306K, committed 35496K, reserved 1079296K
  class space    used 4491K, capacity 4782K, committed 4784K, reserved 1048576K
Event: 6.168 GC heap after
Heap after GC invocations=8 (full 1):
 PSYoungGen      total 187392K, used 14845K [0x000000076b400000, 0x000000077e600000, 0x00000007c0000000)
  eden space 172544K, 0% used [0x000000076b400000,0x000000076b400000,0x0000000775c80000)
  from space 14848K, 99% used [0x0000000775c80000,0x0000000776aff778,0x0000000776b00000)
  to   space 16896K, 0% used [0x000000077d580000,0x000000077d580000,0x000000077e600000)
 ParOldGen       total 99840K, used 13715K [0x00000006c1c00000, 0x00000006c7d80000, 0x000000076b400000)
  object space 99840K, 13% used [0x00000006c1c00000,0x00000006c2964f38,0x00000006c7d80000)
 Metaspace       used 33665K, capacity 35306K, committed 35496K, reserved 1079296K
  class space    used 4491K, capacity 4782K, committed 4784K, reserved 1048576K
}
Event: 6.168 GC heap before
{Heap before GC invocations=9 (full 2):
 PSYoungGen      total 187392K, used 14845K [0x000000076b400000, 0x000000077e600000, 0x00000007c0000000)
  eden space 172544K, 0% used [0x000000076b400000,0x000000076b400000,0x0000000775c80000)
  from space 14848K, 99% used [0x0000000775c80000,0x0000000776aff778,0x0000000776b00000)
  to   space 16896K, 0% used [0x000000077d580000,0x000000077d580000,0x000000077e600000)
 ParOldGen       total 99840K, used 13715K [0x00000006c1c00000, 0x00000006c7d80000, 0x000000076b400000)
  object space 99840K, 13% used [0x00000006c1c00000,0x00000006c2964f38,0x00000006c7d80000)
 Metaspace       used 33665K, capacity 35306K, committed 35496K, reserved 1079296K
  class space    used 4491K, capacity 4782K, committed 4784K, reserved 1048576K
Event: 6.220 GC heap after
Heap after GC invocations=9 (full 2):
 PSYoungGen      total 187392K, used 0K [0x000000076b400000, 0x000000077e600000, 0x00000007c0000000)
  eden space 172544K, 0% used [0x000000076b400000,0x000000076b400000,0x0000000775c80000)
  from space 14848K, 0% used [0x0000000775c80000,0x0000000775c80000,0x0000000776b00000)
  to   space 16896K, 0% used [0x000000077d580000,0x000000077d580000,0x000000077e600000)
 ParOldGen       total 151040K, used 21495K [0x00000006c1c00000, 0x00000006caf80000, 0x000000076b400000)
  object space 151040K, 14% used [0x00000006c1c00000,0x00000006c30fdc80,0x00000006caf80000)
 Metaspace       used 33665K, capacity 35306K, committed 35496K, reserved 1079296K
  class space    used 4491K, capacity 4782K, committed 4784K, reserved 1048576K
}
Event: 7.441 GC heap before
{Heap before GC invocations=10 (full 2):
 PSYoungGen      total 187392K, used 172544K [0x000000076b400000, 0x000000077e600000, 0x00000007c0000000)
  eden space 172544K, 100% used [0x000000076b400000,0x0000000775c80000,0x0000000775c80000)
  from space 14848K, 0% used [0x0000000775c80000,0x0000000775c80000,0x0000000776b00000)
  to   space 16896K, 0% used [0x000000077d580000,0x000000077d580000,0x000000077e600000)
 ParOldGen       total 151040K, used 21495K [0x00000006c1c00000, 0x00000006caf80000, 0x000000076b400000)
  object space 151040K, 14% used [0x00000006c1c00000,0x00000006c30fdc80,0x00000006caf80000)
 Metaspace       used 38505K, capacity 40418K, committed 40616K, reserved 1085440K
  class space    used 5082K, capacity 5442K, committed 5552K, reserved 1048576K
Event: 7.450 GC heap after
Heap after GC invocations=10 (full 2):
 PSYoungGen      total 278528K, used 11539K [0x000000076b400000, 0x000000077e100000, 0x00000007c0000000)
  eden space 266752K, 0% used [0x000000076b400000,0x000000076b400000,0x000000077b880000)
  from space 11776K, 97% used [0x000000077d580000,0x000000077e0c4ca8,0x000000077e100000)
  to   space 16384K, 0% used [0x000000077c100000,0x000000077c100000,0x000000077d100000)
 ParOldGen       total 151040K, used 21503K [0x00000006c1c00000, 0x00000006caf80000, 0x000000076b400000)
  object space 151040K, 14% used [0x00000006c1c00000,0x00000006c30ffc80,0x00000006caf80000)
 Metaspace       used 38505K, capacity 40418K, committed 40616K, reserved 1085440K
  class space    used 5082K, capacity 5442K, committed 5552K, reserved 1048576K
}
Event: 9.330 GC heap before
{Heap before GC invocations=11 (full 2):
 PSYoungGen      total 278528K, used 278291K [0x000000076b400000, 0x000000077e100000, 0x00000007c0000000)
  eden space 266752K, 100% used [0x000000076b400000,0x000000077b880000,0x000000077b880000)
  from space 11776K, 97% used [0x000000077d580000,0x000000077e0c4ca8,0x000000077e100000)
  to   space 16384K, 0% used [0x000000077c100000,0x000000077c100000,0x000000077d100000)
 ParOldGen       total 151040K, used 21503K [0x00000006c1c00000, 0x00000006caf80000, 0x000000076b400000)
  object space 151040K, 14% used [0x00000006c1c00000,0x00000006c30ffc80,0x00000006caf80000)
 Metaspace       used 49034K, capacity 51216K, committed 51368K, reserved 1093632K
  class space    used 6384K, capacity 6795K, committed 6832K, reserved 1048576K
Event: 9.361 GC heap after
Heap after GC invocations=11 (full 2):
 PSYoungGen      total 283136K, used 16378K [0x000000076b400000, 0x000000077e100000, 0x00000007c0000000)
  eden space 266752K, 0% used [0x000000076b400000,0x000000076b400000,0x000000077b880000)
  from space 16384K, 99% used [0x000000077c100000,0x000000077d0fea00,0x000000077d100000)
  to   space 11776K, 0% used [0x000000077d580000,0x000000077d580000,0x000000077e100000)
 ParOldGen       total 151040K, used 39247K [0x00000006c1c00000, 0x00000006caf80000, 0x000000076b400000)
  object space 151040K, 25% used [0x00000006c1c00000,0x00000006c4253fd0,0x00000006caf80000)
 Metaspace       used 49034K, capacity 51216K, committed 51368K, reserved 1093632K
  class space    used 6384K, capacity 6795K, committed 6832K, reserved 1048576K
}

